-------------------------------------------------------------------------------
Test set: service.IntegrasjonServiceTest
-------------------------------------------------------------------------------
Tests run: 1, Failures: 0, Errors: 1, Skipped: 0, Time elapsed: 0.356 s <<< FAILURE! - in service.IntegrasjonServiceTest
testAtOpprettKundeReturnererKundeNr(service.IntegrasjonServiceTest)  Time elapsed: 0.27 s  <<< ERROR!
java.lang.NullPointerException
	at service.IntegrasjonServiceTest.setUp(IntegrasjonServiceTest.java:22)

